[15:07:09] [ServerMain/INFO]: Environment: Environment[sessionHost=https://sessionserver.mojang.com, servicesHost=https://api.minecraftservices.com, name=PROD]
[15:07:11] [ServerMain/INFO]: Loaded 7 recipes
[15:07:12] [ServerMain/INFO]: Loaded 1271 advancements
[15:07:12] [Server thread/INFO]: Starting minecraft server version 1.20.4
[15:07:12] [Server thread/INFO]: Loading properties
[15:07:12] [Server thread/INFO]: Default game type: SURVIVAL
[15:07:12] [Server thread/INFO]: Generating keypair
[15:07:12] [Server thread/INFO]: Starting Minecraft server on *:25565
[15:07:12] [Server thread/INFO]: Using default channel type
[15:07:12] [Server thread/INFO]: Preparing level "world"
[15:07:13] [Server thread/INFO]: Preparing start region for dimension minecraft:overworld
[15:07:15] [Worker-Main-9/INFO]: Preparing spawn area: 0%
[15:07:15] [Worker-Main-9/INFO]: Preparing spawn area: 0%
[15:07:15] [Worker-Main-9/INFO]: Preparing spawn area: 0%
[15:07:15] [Worker-Main-9/INFO]: Preparing spawn area: 0%
[15:07:15] [Worker-Main-7/INFO]: Preparing spawn area: 0%
[15:07:16] [Worker-Main-8/INFO]: Preparing spawn area: 1%
[15:07:16] [Worker-Main-1/INFO]: Preparing spawn area: 55%
[15:07:17] [Server thread/INFO]: Time elapsed: 3285 ms
[15:07:17] [Server thread/INFO]: Done (4.196s)! For help, type "help"
[15:08:55] [User Authenticator #1/INFO]: Disconnecting bladimir (/127.0.0.1:53263): Failed to verify username!
[15:08:55] [User Authenticator #1/ERROR]: Username 'bladimir' tried to join with an invalid session
[15:08:55] [Server thread/INFO]: bladimir (/127.0.0.1:53263) lost connection: Failed to verify username!
[15:09:14] [Server thread/INFO]: Unknown or incomplete command, see below for error
[15:09:14] [Server thread/INFO]: ls<--[HERE]
[15:09:17] [Server thread/INFO]: /advancement (grant|revoke)
[15:09:17] [Server thread/INFO]: /attribute <target> <attribute> (get|base|modifier)
[15:09:17] [Server thread/INFO]: /execute (run|if|unless|as|at|store|positioned|rotated|facing|align|anchored|in|summon|on)
[15:09:17] [Server thread/INFO]: /bossbar (add|remove|list|set|get)
[15:09:17] [Server thread/INFO]: /clear [<targets>]
[15:09:17] [Server thread/INFO]: /clone (<begin>|from)
[15:09:17] [Server thread/INFO]: /damage <target> <amount> [<damageType>]
[15:09:17] [Server thread/INFO]: /data (merge|get|remove|modify)
[15:09:17] [Server thread/INFO]: /datapack (enable|disable|list)
[15:09:17] [Server thread/INFO]: /debug (start|stop|function)
[15:09:17] [Server thread/INFO]: /defaultgamemode <gamemode>
[15:09:17] [Server thread/INFO]: /difficulty [peaceful|easy|normal|hard]
[15:09:17] [Server thread/INFO]: /effect (clear|give)
[15:09:17] [Server thread/INFO]: /me <action>
[15:09:17] [Server thread/INFO]: /enchant <targets> <enchantment> [<level>]
[15:09:17] [Server thread/INFO]: /experience (add|set|query)
[15:09:17] [Server thread/INFO]: /xp -> experience
[15:09:17] [Server thread/INFO]: /fill <from> <to> <block> [replace|keep|outline|hollow|destroy]
[15:09:17] [Server thread/INFO]: /fillbiome <from> <to> <biome> [replace]
[15:09:17] [Server thread/INFO]: /forceload (add|remove|query)
[15:09:17] [Server thread/INFO]: /function <name> [<arguments>|with]
[15:09:17] [Server thread/INFO]: /gamemode <gamemode> [<target>]
[15:09:17] [Server thread/INFO]: /gamerule (announceAdvancements|blockExplosionDropDecay|commandBlockOutput|commandModificationBlockLimit|disableElytraMovementCheck|disableRaids|doDaylightCycle|doEntityDrops|doFireTick|doImmediateRespawn|doInsomnia|doLimitedCrafting|doMobLoot|doMobSpawning|doPatrolSpawning|doTileDrops|doTraderSpawning|doVinesSpread|doWardenSpawning|doWeatherCycle|drowningDamage|enderPearlsVanishOnDeath|fallDamage|fireDamage|forgiveDeadPlayers|freezeDamage|globalSoundEvents|keepInventory|lavaSourceConversion|logAdminCommands|maxCommandChainLength|maxCommandForkCount|maxEntityCramming|mobExplosionDropDecay|mobGriefing|naturalRegeneration|playersNetherPortalCreativeDelay|playersNetherPortalDefaultDelay|playersSleepingPercentage|projectilesCanBreakBlocks|randomTickSpeed|reducedDebugInfo|sendCommandFeedback|showDeathMessages|snowAccumulationHeight|spawnRadius|spectatorsGenerateChunks|tntExplosionDropDecay|universalAnger|waterSourceConversion)
[15:09:17] [Server thread/INFO]: /give <targets> <item> [<count>]
[15:09:17] [Server thread/INFO]: /help [<command>]
[15:09:17] [Server thread/INFO]: /item (replace|modify)
[15:09:17] [Server thread/INFO]: /kick <targets> [<reason>]
[15:09:17] [Server thread/INFO]: /kill [<targets>]
[15:09:17] [Server thread/INFO]: /list [uuids]
[15:09:17] [Server thread/INFO]: /locate (structure|biome|poi)
[15:09:17] [Server thread/INFO]: /loot (replace|insert|give|spawn)
[15:09:17] [Server thread/INFO]: /msg <targets> <message>
[15:09:17] [Server thread/INFO]: /tell -> msg
[15:09:17] [Server thread/INFO]: /w -> msg
[15:09:17] [Server thread/INFO]: /particle <name> [<pos>]
[15:09:17] [Server thread/INFO]: /place (feature|jigsaw|structure|template)
[15:09:17] [Server thread/INFO]: /playsound <sound> (master|music|record|weather|block|hostile|neutral|player|ambient|voice)
[15:09:17] [Server thread/INFO]: /random (value|roll|reset)
[15:09:17] [Server thread/INFO]: /reload
[15:09:17] [Server thread/INFO]: /recipe (give|take)
[15:09:17] [Server thread/INFO]: /return (<value>|fail|run)
[15:09:17] [Server thread/INFO]: /ride <target> (mount|dismount)
[15:09:17] [Server thread/INFO]: /say <message>
[15:09:17] [Server thread/INFO]: /schedule (function|clear)
[15:09:17] [Server thread/INFO]: /scoreboard (objectives|players)
[15:09:17] [Server thread/INFO]: /seed
[15:09:17] [Server thread/INFO]: /setblock <pos> <block> [destroy|keep|replace]
[15:09:17] [Server thread/INFO]: /spawnpoint [<targets>]
[15:09:17] [Server thread/INFO]: /setworldspawn [<pos>]
[15:09:17] [Server thread/INFO]: /spectate [<target>]
[15:09:17] [Server thread/INFO]: /spreadplayers <center> <spreadDistance> <maxRange> (<respectTeams>|under)
[15:09:17] [Server thread/INFO]: /stopsound <targets> [*|master|music|record|weather|block|hostile|neutral|player|ambient|voice]
[15:09:17] [Server thread/INFO]: /summon <entity> [<pos>]
[15:09:17] [Server thread/INFO]: /tag <targets> (add|remove|list)
[15:09:17] [Server thread/INFO]: /team (list|add|remove|empty|join|leave|modify)
[15:09:17] [Server thread/INFO]: /teammsg <message>
[15:09:17] [Server thread/INFO]: /tm -> teammsg
[15:09:17] [Server thread/INFO]: /teleport (<location>|<destination>|<targets>)
[15:09:17] [Server thread/INFO]: /tp -> teleport
[15:09:17] [Server thread/INFO]: /tellraw <targets> <message>
[15:09:17] [Server thread/INFO]: /tick (query|rate|step|sprint|unfreeze|freeze)
[15:09:17] [Server thread/INFO]: /time (set|add|query)
[15:09:17] [Server thread/INFO]: /title <targets> (clear|reset|title|subtitle|actionbar|times)
[15:09:17] [Server thread/INFO]: /trigger <objective> [add|set]
[15:09:17] [Server thread/INFO]: /weather (clear|rain|thunder)
[15:09:17] [Server thread/INFO]: /worldborder (add|set|center|damage|get|warning)
[15:09:17] [Server thread/INFO]: /jfr (start|stop)
[15:09:17] [Server thread/INFO]: /ban-ip <target> [<reason>]
[15:09:17] [Server thread/INFO]: /banlist [ips|players]
[15:09:17] [Server thread/INFO]: /ban <targets> [<reason>]
[15:09:17] [Server thread/INFO]: /deop <targets>
[15:09:17] [Server thread/INFO]: /op <targets>
[15:09:17] [Server thread/INFO]: /pardon <targets>
[15:09:17] [Server thread/INFO]: /pardon-ip <target>
[15:09:17] [Server thread/INFO]: /perf (start|stop)
[15:09:17] [Server thread/INFO]: /save-all [flush]
[15:09:17] [Server thread/INFO]: /save-off
[15:09:17] [Server thread/INFO]: /save-on
[15:09:17] [Server thread/INFO]: /setidletimeout <minutes>
[15:09:17] [Server thread/INFO]: /stop
[15:09:17] [Server thread/INFO]: /whitelist (on|off|list|add|remove|reload)
[15:09:23] [Server thread/INFO]: Made Blad a server operator
[15:09:45] [Server thread/INFO]: Unknown or incomplete command, see below for error
[15:09:45] [Server thread/INFO]: <--[HERE]
[15:29:13] [User Authenticator #2/INFO]: Disconnecting bladimir (/127.0.0.1:54097): Failed to verify username!
[15:29:13] [User Authenticator #2/ERROR]: Username 'bladimir' tried to join with an invalid session
[15:29:13] [Server thread/INFO]: bladimir (/127.0.0.1:54097) lost connection: Failed to verify username!
